# JRE version: OpenJDK Runtime Environment (8.0_91-b14) (build 1.8.0_91-8u91-b14-0ubuntu4~14.04-b14)
# Java VM: OpenJDK Server VM (25.91-b14 mixed mode linux-x86 )
Heap:
 PSYoungGen      total 259328K, used 29947K [0x92e00000, 0xa6e00000, 0xa6e00000)
  eden space 229376K, 0% used [0x92e00000,0x92e00000,0xa0e00000)
  from space 29952K, 99% used [0xa50c0000,0xa6dfec10,0xa6e00000)
  to   space 49152K, 0% used [0xa0e00000,0xa0e00000,0xa3e00000)
 ParOldGen       total 90624K, used 72586K [0x6ae00000, 0x70680000, 0x92e00000)
  object space 90624K, 80% used [0x6ae00000,0x6f4e2ae0,0x70680000)
 Metaspace       used 27082K, capacity 27392K, committed 27520K, reserved 27952K
GC Heap History (10 events):
Event: 23.639 GC heap after
Heap after GC invocations=10 (full 1):
 PSYoungGen      total 261376K, used 22386K [0x92e00000, 0xa6e00000, 0xa6e00000)
  eden space 234240K, 0% used [0x92e00000,0x92e00000,0xa12c0000)
  from space 27136K, 82% used [0xa12c0000,0xa289c878,0xa2d40000)
  to   space 29952K, 0% used [0xa50c0000,0xa50c0000,0xa6e00000)
 ParOldGen       total 82432K, used 42801K [0x6ae00000, 0x6fe80000, 0x92e00000)
  object space 82432K, 51% used [0x6ae00000,0x6d7cc6f8,0x6fe80000)
 Metaspace       used 24493K, capacity 24861K, committed 24984K, reserved 25904K
}
Event: 26.600 GC heap before
{Heap before GC invocations=11 (full 1):
 PSYoungGen      total 261376K, used 69298K [0x92e00000, 0xa6e00000, 0xa6e00000)
  eden space 234240K, 20% used [0x92e00000,0x95bd00a8,0xa12c0000)
  from space 27136K, 82% used [0xa12c0000,0xa289c878,0xa2d40000)
  to   space 29952K, 0% used [0xa50c0000,0xa50c0000,0xa6e00000)
 ParOldGen       total 82432K, used 42801K [0x6ae00000, 0x6fe80000, 0x92e00000)
  object space 82432K, 51% used [0x6ae00000,0x6d7cc6f8,0x6fe80000)
 Metaspace       used 25455K, capacity 25825K, committed 25856K, reserved 25904K
Event: 26.626 GC heap after
Heap after GC invocations=11 (full 1):
 PSYoungGen      total 299008K, used 13195K [0x92e00000, 0xa6e00000, 0xa6e00000)
  eden space 269056K, 0% used [0x92e00000,0x92e00000,0xa34c0000)
  from space 29952K, 44% used [0xa50c0000,0xa5da2f10,0xa6e00000)
  to   space 28672K, 0% used [0xa34c0000,0xa34c0000,0xa50c0000)
 ParOldGen       total 82432K, used 42801K [0x6ae00000, 0x6fe80000, 0x92e00000)
  object space 82432K, 51% used [0x6ae00000,0x6d7cc6f8,0x6fe80000)
 Metaspace       used 25455K, capacity 25825K, committed 25856K, reserved 25904K
}
Event: 26.626 GC heap before
{Heap before GC invocations=12 (full 2):
 PSYoungGen      total 299008K, used 13195K [0x92e00000, 0xa6e00000, 0xa6e00000)
  eden space 269056K, 0% used [0x92e00000,0x92e00000,0xa34c0000)
  from space 29952K, 44% used [0xa50c0000,0xa5da2f10,0xa6e00000)
  to   space 28672K, 0% used [0xa34c0000,0xa34c0000,0xa50c0000)
 ParOldGen       total 82432K, used 42801K [0x6ae00000, 0x6fe80000, 0x92e00000)
  object space 82432K, 51% used [0x6ae00000,0x6d7cc6f8,0x6fe80000)
 Metaspace       used 25455K, capacity 25825K, committed 25856K, reserved 25904K
Event: 26.776 GC heap after
Heap after GC invocations=12 (full 2):
 PSYoungGen      total 299008K, used 0K [0x92e00000, 0xa6e00000, 0xa6e00000)
  eden space 269056K, 0% used [0x92e00000,0x92e00000,0xa34c0000)
  from space 29952K, 0% used [0xa50c0000,0xa50c0000,0xa6e00000)
  to   space 28672K, 0% used [0xa34c0000,0xa34c0000,0xa50c0000)
 ParOldGen       total 90624K, used 38992K [0x6ae00000, 0x70680000, 0x92e00000)
  object space 90624K, 43% used [0x6ae00000,0x6d4141e0,0x70680000)
 Metaspace       used 25438K, capacity 25745K, committed 25856K, reserved 25904K
}
Event: 28.543 GC heap before
{Heap before GC invocations=13 (full 2):
 PSYoungGen      total 299008K, used 269056K [0x92e00000, 0xa6e00000, 0xa6e00000)
  eden space 269056K, 100% used [0x92e00000,0xa34c0000,0xa34c0000)
  from space 29952K, 0% used [0xa50c0000,0xa50c0000,0xa6e00000)
  to   space 28672K, 0% used [0xa34c0000,0xa34c0000,0xa50c0000)
 ParOldGen       total 90624K, used 39127K [0x6ae00000, 0x70680000, 0x92e00000)
  object space 90624K, 43% used [0x6ae00000,0x6d435c48,0x70680000)
 Metaspace       used 27014K, capacity 27328K, committed 27392K, reserved 27952K
Event: 28.598 GC heap after
Heap after GC invocations=13 (full 2):
 PSYoungGen      total 297728K, used 28658K [0x92e00000, 0xa6e00000, 0xa6e00000)
  eden space 269056K, 0% used [0x92e00000,0x92e00000,0xa34c0000)
  from space 28672K, 99% used [0xa34c0000,0xa50bc898,0xa50c0000)
  to   space 29952K, 0% used [0xa50c0000,0xa50c0000,0xa6e00000)
 ParOldGen       total 90624K, used 42214K [0x6ae00000, 0x70680000, 0x92e00000)
  object space 90624K, 46% used [0x6ae00000,0x6d739920,0x70680000)
 Metaspace       used 27014K, capacity 27328K, committed 27392K, reserved 27952K
}
Event: 29.271 GC heap before
{Heap before GC invocations=14 (full 2):
 PSYoungGen      total 297728K, used 297714K [0x92e00000, 0xa6e00000, 0xa6e00000)
  eden space 269056K, 100% used [0x92e00000,0xa34c0000,0xa34c0000)
  from space 28672K, 99% used [0xa34c0000,0xa50bc898,0xa50c0000)
  to   space 29952K, 0% used [0xa50c0000,0xa50c0000,0xa6e00000)
 ParOldGen       total 90624K, used 42361K [0x6ae00000, 0x70680000, 0x92e00000)
  object space 90624K, 46% used [0x6ae00000,0x6d75e600,0x70680000)
 Metaspace       used 27082K, capacity 27392K, committed 27520K, reserved 27952K
Event: 29.388 GC heap after
Heap after GC invocations=14 (full 2):
 PSYoungGen      total 259328K, used 29947K [0x92e00000, 0xa6e00000, 0xa6e00000)
  eden space 229376K, 0% used [0x92e00000,0x92e00000,0xa0e00000)
  from space 29952K, 99% used [0xa50c0000,0xa6dfec10,0xa6e00000)
  to   space 49152K, 0% used [0xa0e00000,0xa0e00000,0xa3e00000)
 ParOldGen       total 90624K, used 72586K [0x6ae00000, 0x70680000, 0x92e00000)
  object space 90624K, 80% used [0x6ae00000,0x6f4e2ae0,0x70680000)
 Metaspace       used 27082K, capacity 27392K, committed 27520K, reserved 27952K
}
Event: 29.388 GC heap before
{Heap before GC invocations=15 (full 3):
 PSYoungGen      total 259328K, used 29947K [0x92e00000, 0xa6e00000, 0xa6e00000)
  eden space 229376K, 0% used [0x92e00000,0x92e00000,0xa0e00000)
  from space 29952K, 99% used [0xa50c0000,0xa6dfec10,0xa6e00000)
  to   space 49152K, 0% used [0xa0e00000,0xa0e00000,0xa3e00000)
 ParOldGen       total 90624K, used 72586K [0x6ae00000, 0x70680000, 0x92e00000)
  object space 90624K, 80% used [0x6ae00000,0x6f4e2ae0,0x70680000)
 Metaspace       used 27082K, capacity 27392K, committed 27520K, reserved 27952K

